2018-01-08 00:00:09,586 INFO  com.src.transaction [PaymentHandler]  - Payment Handler process going for sleep mode at : Mon Jan 08 00:00:09 IST 2018 === 10000
2018-01-08 00:00:15,065 INFO  com.src.transaction [[ACTIVE] ExecuteThread: '10' for queue: 'weblogic.kernel.Default (self-tuning)']  - Welcome to FSS Payment Gateway : Tranportal TCPIP Transaction.
2018-01-08 00:00:15,066 INFO  com.src.transaction [[ACTIVE] ExecuteThread: '10' for queue: 'weblogic.kernel.Default (self-tuning)']  - Merchant IP : 103.20.126.4 Tranportal transaction request :: <request><id>70016683</id><password>password@123</password><card></card><cvv2>***</cvv2><expyear></expyear><expmonth></expmonth><member>JDUser</member><action>8</action><amt>6195</amt><currencycode>356</currencycode><trackid>PAY318W27211U</trackid><udf1></udf1><udf2></udf2><udf3></udf3><udf4></udf4><udf5>PaymentID</udf5><transid></transid></request>
2018-01-08 00:00:15,069 INFO  com.src.transaction [[ACTIVE] ExecuteThread: '10' for queue: 'weblogic.kernel.Default (self-tuning)']  - Selected payment instrument : C
2018-01-08 00:00:15,072 INFO  com.src.transaction [[ACTIVE] ExecuteThread: '10' for queue: 'weblogic.kernel.Default (self-tuning)']  - Generating transaction id : 201800875092470
2018-01-08 00:00:15,072 INFO  com.src.transaction [[ACTIVE] ExecuteThread: '10' for queue: 'weblogic.kernel.Default (self-tuning)']  - 201800875092470 :: Action : 8
2018-01-08 00:00:15,073 INFO  com.src.transaction [[ACTIVE] ExecuteThread: '10' for queue: 'weblogic.kernel.Default (self-tuning)']  - Process complete.
2018-01-08 00:00:15,073 INFO  com.src.transaction [[ACTIVE] ExecuteThread: '10' for queue: 'weblogic.kernel.Default (self-tuning)']  - Building merchant response :: <result>!ERROR!-Problem occured while validating original transaction</result><error_code_tag>Problem occured while validating original transaction</error_code_tag><error_service_tag>null</error_service_tag>
2018-01-08 00:00:15,074 INFO  com.src.transaction [[ACTIVE] ExecuteThread: '10' for queue: 'weblogic.kernel.Default (self-tuning)']  - Tranportal Transaction time : 10 ms
2018-01-08 00:00:15,446 INFO  com.src.transaction [Multi Transaction Thread]  - Looking for any MultiSelectTransaction failed to remove from the MultiTransaction table.
2018-01-08 00:00:15,448 INFO  com.src.transaction [Multi Transaction Thread]  - ### Get Next Multi Transaction ###
2018-01-08 00:00:20,590 INFO  com.src.transaction [PaymentHandler]  - Payment Handler process going for sleep mode at : Mon Jan 08 00:00:20 IST 2018 === 10000
2018-01-08 00:00:28,808 INFO  com.src.transaction [[ACTIVE] ExecuteThread: '7' for queue: 'weblogic.kernel.Default (self-tuning)']  - Welcome to FSS Payment Gateway : Tranportal TCPIP Transaction.
2018-01-08 00:00:28,808 INFO  com.src.transaction [[ACTIVE] ExecuteThread: '7' for queue: 'weblogic.kernel.Default (self-tuning)']  - Merchant IP : 103.20.126.4 Tranportal transaction request :: <request><id>70016683</id><password>password@123</password><card></card><cvv2>***</cvv2><expyear></expyear><expmonth></expmonth><member>JDUser</member><action>8</action><amt>13575</amt><currencycode>356</currencycode><trackid>PAY327G35705G</trackid><udf1></udf1><udf2></udf2><udf3></udf3><udf4></udf4><udf5>PaymentID</udf5><transid></transid></request>
2018-01-08 00:00:28,811 INFO  com.src.transaction [[ACTIVE] ExecuteThread: '7' for queue: 'weblogic.kernel.Default (self-tuning)']  - Selected payment instrument : C
2018-01-08 00:00:28,814 INFO  com.src.transaction [[ACTIVE] ExecuteThread: '7' for queue: 'weblogic.kernel.Default (self-tuning)']  - Generating transaction id : 201800875085512
2018-01-08 00:00:28,814 INFO  com.src.transaction [[ACTIVE] ExecuteThread: '7' for queue: 'weblogic.kernel.Default (self-tuning)']  - 201800875085512 :: Action : 8
2018-01-08 00:00:28,815 INFO  com.src.transaction [[ACTIVE] ExecuteThread: '7' for queue: 'weblogic.kernel.Default (self-tuning)']  - Process complete.
2018-01-08 00:00:28,815 INFO  com.src.transaction [[ACTIVE] ExecuteThread: '7' for queue: 'weblogic.kernel.Default (self-tuning)']  - Building merchant response :: <result>!ERROR!-Problem occured while validating original transaction</result><error_code_tag>Problem occured while validating original transaction</error_code_tag><error_service_tag>null</error_service_tag>
2018-01-08 00:00:28,816 INFO  com.src.transaction [[ACTIVE] ExecuteThread: '7' for queue: 'weblogic.kernel.Default (self-tuning)']  - Tranportal Transaction time : 9 ms
2018-01-08 00:00:31,591 INFO  com.src.transaction [PaymentHandler]  - Payment Handler process going for sleep mode at : Mon Jan 08 00:00:31 IST 2018 === 10000
2018-01-08 00:00:42,593 INFO  com.src.transaction [PaymentHandler]  - Payment Handler process going for sleep mode at : Mon Jan 08 00:00:42 IST 2018 === 10000
2018-01-08 00:00:49,144 INFO  com.src.transaction [[ACTIVE] ExecuteThread: '16' for queue: 'weblogic.kernel.Default (self-tuning)']  - Welcome to FSS Payment Gateway : Tranportal TCPIP Transaction.
2018-01-08 00:00:49,145 INFO  com.src.transaction [[ACTIVE] ExecuteThread: '16' for queue: 'weblogic.kernel.Default (self-tuning)']  - Merchant IP : 103.20.126.4 Tranportal transaction request :: <request><id>70016683</id><password>password@123</password><card></card><cvv2>***</cvv2><expyear></expyear><expmonth></expmonth><member>JDUser</member><action>8</action><amt>885</amt><currencycode>356</currencycode><trackid>PAY628N49102G</trackid><udf1></udf1><udf2></udf2><udf3></udf3><udf4></udf4><udf5>PaymentID</udf5><transid>4748431291480030</transid></request>
2018-01-08 00:00:49,147 INFO  com.src.transaction [[ACTIVE] ExecuteThread: '16' for queue: 'weblogic.kernel.Default (self-tuning)']  - Selected payment instrument : C
2018-01-08 00:00:49,150 INFO  com.src.transaction [[ACTIVE] ExecuteThread: '16' for queue: 'weblogic.kernel.Default (self-tuning)']  - Generating transaction id : 201800824924549
2018-01-08 00:00:49,151 INFO  com.src.transaction [[ACTIVE] ExecuteThread: '16' for queue: 'weblogic.kernel.Default (self-tuning)']  - 201800824924549 :: Action : 8
2018-01-08 00:00:49,160 INFO  com.src.transaction [[ACTIVE] ExecuteThread: '16' for queue: 'weblogic.kernel.Default (self-tuning)']  - Validation completed
2018-01-08 00:00:49,161 INFO  com.src.transaction [[ACTIVE] ExecuteThread: '16' for queue: 'weblogic.kernel.Default (self-tuning)']  - 201800824924549 :: Transaction identified as INQUIRY
2018-01-08 00:00:49,161 INFO  com.src.transaction [[ACTIVE] ExecuteThread: '16' for queue: 'weblogic.kernel.Default (self-tuning)']  - null :: Process Query starts
2018-01-08 00:00:49,161 INFO  com.src.transaction [[ACTIVE] ExecuteThread: '16' for queue: 'weblogic.kernel.Default (self-tuning)']  - null :: Verifying processing option.  :  ETM,T
2018-01-08 00:00:49,267 INFO  com.src.transaction [[ACTIVE] ExecuteThread: '16' for queue: 'weblogic.kernel.Default (self-tuning)']  - null :: Getting record from tranlog for input, inst id : 2 and payment id : 4748431291480030
2018-01-08 00:00:49,268 INFO  com.src.transaction [[ACTIVE] ExecuteThread: '16' for queue: 'weblogic.kernel.Default (self-tuning)']  - Tranlog details not available.
2018-01-08 00:00:49,268 INFO  com.src.transaction [[ACTIVE] ExecuteThread: '16' for queue: 'weblogic.kernel.Default (self-tuning)']  - null :: GW00201-Transaction not found.
2018-01-08 00:00:49,269 INFO  com.src.transaction [[ACTIVE] ExecuteThread: '16' for queue: 'weblogic.kernel.Default (self-tuning)']  - Process complete.
2018-01-08 00:00:49,269 INFO  com.src.transaction [[ACTIVE] ExecuteThread: '16' for queue: 'weblogic.kernel.Default (self-tuning)']  - Building merchant response :: <result>!ERROR!-GW00201-Transaction not found.</result><error_code_tag>GW00201</error_code_tag><error_service_tag>null</error_service_tag>
2018-01-08 00:00:49,270 INFO  com.src.transaction [[ACTIVE] ExecuteThread: '16' for queue: 'weblogic.kernel.Default (self-tuning)']  - Tranportal Transaction time : 126 ms
2018-01-08 00:00:53,595 INFO  com.src.transaction [PaymentHandler]  - Payment Handler process going for sleep mode at : Mon Jan 08 00:00:53 IST 2018 === 10000
2018-01-08 00:00:55,998 INFO  com.src.transaction [[ACTIVE] ExecuteThread: '13' for queue: 'weblogic.kernel.Default (self-tuning)']  - Welcome to FSS Payment Gateway : Tranportal TCPIP Transaction.
2018-01-08 00:00:55,999 INFO  com.src.transaction [[ACTIVE] ExecuteThread: '13' for queue: 'weblogic.kernel.Default (self-tuning)']  - Merchant IP : 103.20.126.4 Tranportal transaction request :: <request><id>70016683</id><password>password@123</password><card></card><cvv2>***</cvv2><expyear></expyear><expmonth></expmonth><member>JDUser</member><action>8</action><amt>1970</amt><currencycode>356</currencycode><trackid>PAY631V52407T</trackid><udf1></udf1><udf2></udf2><udf3></udf3><udf4></udf4><udf5>PaymentID</udf5><transid></transid></request>
2018-01-08 00:00:56,001 INFO  com.src.transaction [[ACTIVE] ExecuteThread: '13' for queue: 'weblogic.kernel.Default (self-tuning)']  - Selected payment instrument : C
2018-01-08 00:00:56,004 INFO  com.src.transaction [[ACTIVE] ExecuteThread: '13' for queue: 'weblogic.kernel.Default (self-tuning)']  - Generating transaction id : 201800875071902
2018-01-08 00:00:56,005 INFO  com.src.transaction [[ACTIVE] ExecuteThread: '13' for queue: 'weblogic.kernel.Default (self-tuning)']  - 201800875071902 :: Action : 8
2018-01-08 00:00:56,006 INFO  com.src.transaction [[ACTIVE] ExecuteThread: '13' for queue: 'weblogic.kernel.Default (self-tuning)']  - Process complete.
2018-01-08 00:00:56,006 INFO  com.src.transaction [[ACTIVE] ExecuteThread: '13' for queue: 'weblogic.kernel.Default (self-tuning)']  - Building merchant response :: <result>!ERROR!-Problem occured while validating original transaction</result><error_code_tag>Problem occured while validating original transaction</error_code_tag><error_service_tag>null</error_service_tag>
2018-01-08 00:00:56,006 INFO  com.src.transaction [[ACTIVE] ExecuteThread: '13' for queue: 'weblogic.kernel.Default (self-tuning)']  - Tranportal Transaction time : 9 ms
2018-01-08 00:01:04,597 INFO  com.src.transaction [PaymentHandler]  - Payment Handler process going for sleep mode at : Mon Jan 08 00:01:04 IST 2018 === 10000
2018-01-08 00:01:15,599 INFO  com.src.transaction [PaymentHandler]  - Payment Handler process going for sleep mode at : Mon Jan 08 00:01:15 IST 2018 === 10000
2018-01-08 00:01:26,601 INFO  com.src.transaction [PaymentHandler]  - Payment Handler process going for sleep mode at : Mon Jan 08 00:01:26 IST 2018 === 10000
2018-01-08 00:01:34,468 INFO  com.src.transaction [[ACTIVE] ExecuteThread: '15' for queue: 'weblogic.kernel.Default (self-tuning)']  - Welcome to FSS Payment Gateway : Tranportal TCPIP Transaction.
2018-01-08 00:01:34,469 INFO  com.src.transaction [[ACTIVE] ExecuteThread: '15' for queue: 'weblogic.kernel.Default (self-tuning)']  - Merchant IP : 103.20.126.4 Tranportal transaction request :: <request><id>70016683</id><password>password@123</password><card></card><cvv2>***</cvv2><expyear></expyear><expmonth></expmonth><member>JDUser</member><action>8</action><amt>4970</amt><currencycode>356</currencycode><trackid>PAY810R01107K</trackid><udf1></udf1><udf2></udf2><udf3></udf3><udf4></udf4><udf5>PaymentID</udf5><transid>2701585141980020</transid></request>
2018-01-08 00:01:34,487 INFO  com.src.transaction [[ACTIVE] ExecuteThread: '15' for queue: 'weblogic.kernel.Default (self-tuning)']  - Selected payment instrument : C
2018-01-08 00:01:34,490 INFO  com.src.transaction [[ACTIVE] ExecuteThread: '15' for queue: 'weblogic.kernel.Default (self-tuning)']  - Generating transaction id : 201800875052788
2018-01-08 00:01:34,490 INFO  com.src.transaction [[ACTIVE] ExecuteThread: '15' for queue: 'weblogic.kernel.Default (self-tuning)']  - 201800875052788 :: Action : 8
2018-01-08 00:01:34,498 INFO  com.src.transaction [[ACTIVE] ExecuteThread: '15' for queue: 'weblogic.kernel.Default (self-tuning)']  - Validation completed
2018-01-08 00:01:34,499 INFO  com.src.transaction [[ACTIVE] ExecuteThread: '15' for queue: 'weblogic.kernel.Default (self-tuning)']  - 201800875052788 :: Transaction identified as INQUIRY
2018-01-08 00:01:34,499 INFO  com.src.transaction [[ACTIVE] ExecuteThread: '15' for queue: 'weblogic.kernel.Default (self-tuning)']  - null :: Process Query starts
2018-01-08 00:01:34,499 INFO  com.src.transaction [[ACTIVE] ExecuteThread: '15' for queue: 'weblogic.kernel.Default (self-tuning)']  - null :: Verifying processing option.  :  ETM,T
2018-01-08 00:01:34,605 INFO  com.src.transaction [[ACTIVE] ExecuteThread: '15' for queue: 'weblogic.kernel.Default (self-tuning)']  - null :: Getting record from tranlog for input, inst id : 2 and payment id : 2701585141980020
2018-01-08 00:01:34,606 INFO  com.src.transaction [[ACTIVE] ExecuteThread: '15' for queue: 'weblogic.kernel.Default (self-tuning)']  - Tranlog details not available.
2018-01-08 00:01:34,606 INFO  com.src.transaction [[ACTIVE] ExecuteThread: '15' for queue: 'weblogic.kernel.Default (self-tuning)']  - null :: GW00201-Transaction not found.
2018-01-08 00:01:34,607 INFO  com.src.transaction [[ACTIVE] ExecuteThread: '15' for queue: 'weblogic.kernel.Default (self-tuning)']  - Process complete.
2018-01-08 00:01:34,607 INFO  com.src.transaction [[ACTIVE] ExecuteThread: '15' for queue: 'weblogic.kernel.Default (self-tuning)']  - Building merchant response :: <result>!ERROR!-GW00201-Transaction not found.</result><error_code_tag>GW00201</error_code_tag><error_service_tag>null</error_service_tag>
2018-01-08 00:01:34,608 INFO  com.src.transaction [[ACTIVE] ExecuteThread: '15' for queue: 'weblogic.kernel.Default (self-tuning)']  - Tranportal Transaction time : 141 ms
2018-01-08 00:01:37,602 INFO  com.src.transaction [PaymentHandler]  - Payment Handler process going for sleep mode at : Mon Jan 08 00:01:37 IST 2018 === 10000
2018-01-08 00:01:47,998 INFO  com.src.transaction [[ACTIVE] ExecuteThread: '3' for queue: 'weblogic.kernel.Default (self-tuning)']  - Welcome to FSS Payment Gateway : Tranportal TCPIP Transaction.
2018-01-08 00:01:47,999 INFO  com.src.transaction [[ACTIVE] ExecuteThread: '3' for queue: 'weblogic.kernel.Default (self-tuning)']  - Merchant IP : 103.20.126.4 Tranportal transaction request :: <request><id>70016683</id><password>password@123</password><card></card><cvv2>***</cvv2><expyear></expyear><expmonth></expmonth><member>JDUser</member><action>8</action><amt>3540</amt><currencycode>356</currencycode><trackid>PAY616E03611S</trackid><udf1></udf1><udf2></udf2><udf3></udf3><udf4></udf4><udf5>PaymentID</udf5><transid></transid></request>
2018-01-08 00:01:48,001 INFO  com.src.transaction [[ACTIVE] ExecuteThread: '3' for queue: 'weblogic.kernel.Default (self-tuning)']  - Selected payment instrument : C
2018-01-08 00:01:48,004 INFO  com.src.transaction [[ACTIVE] ExecuteThread: '3' for queue: 'weblogic.kernel.Default (self-tuning)']  - Generating transaction id : 201800875045902
2018-01-08 00:01:48,004 INFO  com.src.transaction [[ACTIVE] ExecuteThread: '3' for queue: 'weblogic.kernel.Default (self-tuning)']  - 201800875045902 :: Action : 8
2018-01-08 00:01:48,005 INFO  com.src.transaction [[ACTIVE] ExecuteThread: '3' for queue: 'weblogic.kernel.Default (self-tuning)']  - Process complete.
2018-01-08 00:01:48,005 INFO  com.src.transaction [[ACTIVE] ExecuteThread: '3' for queue: 'weblogic.kernel.Default (self-tuning)']  - Building merchant response :: <result>!ERROR!-Problem occured while validating original transaction</result><error_code_tag>Problem occured while validating original transaction</error_code_tag><error_service_tag>null</error_service_tag>
2018-01-08 00:01:48,006 INFO  com.src.transaction [[ACTIVE] ExecuteThread: '3' for queue: 'weblogic.kernel.Default (self-tuning)']  - Tranportal Transaction time : 9 ms
2018-01-08 00:01:48,604 INFO  com.src.transaction [PaymentHandler]  - Payment Handler process going for sleep mode at : Mon Jan 08 00:01:48 IST 2018 === 10000
2018-01-08 00:01:59,606 INFO  com.src.transaction [PaymentHandler]  - Payment Handler process going for sleep mode at : Mon Jan 08 00:01:59 IST 2018 === 10000
2018-01-08 00:02:10,608 INFO  com.src.transaction [PaymentHandler]  - Payment Handler process going for sleep mode at : Mon Jan 08 00:02:10 IST 2018 === 10000
2018-01-08 00:02:21,609 INFO  com.src.transaction [PaymentHandler]  - Payment Handler process going for sleep mode at : Mon Jan 08 00:02:21 IST 2018 === 10000
2018-01-08 00:02:32,611 INFO  com.src.transaction [PaymentHandler]  - Payment Handler process going for sleep mode at : Mon Jan 08 00:02:32 IST 2018 === 10000
2018-01-08 00:02:43,613 INFO  com.src.transaction [PaymentHandler]  - Payment Handler process going for sleep mode at : Mon Jan 08 00:02:43 IST 2018 === 10000
2018-01-08 00:02:54,614 INFO  com.src.transaction [PaymentHandler]  - Payment Handler process going for sleep mode at : Mon Jan 08 00:02:54 IST 2018 === 10000
2018-01-08 00:03:05,616 INFO  com.src.transaction [PaymentHandler]  - Payment Handler process going for sleep mode at : Mon Jan 08 00:03:05 IST 2018 === 10000
2018-01-08 00:03:09,042 INFO  com.src.transaction [[ACTIVE] ExecuteThread: '12' for queue: 'weblogic.kernel.Default (self-tuning)']  - Welcome to FSS Payment Gateway : Tranportal TCPIP Transaction.
2018-01-08 00:03:09,043 INFO  com.src.transaction [[ACTIVE] ExecuteThread: '12' for queue: 'weblogic.kernel.Default (self-tuning)']  - Merchant IP : 103.20.126.4 Tranportal transaction request :: <request><id>70016683</id><password>password@123</password><card></card><cvv2>***</cvv2><expyear></expyear><expmonth></expmonth><member>JDUser</member><action>8</action><amt>5000</amt><currencycode>356</currencycode><trackid>PAY458E00903L</trackid><udf1></udf1><udf2></udf2><udf3></udf3><udf4></udf4><udf5>PaymentID</udf5><transid>4217599581573630</transid></request>
2018-01-08 00:03:09,045 INFO  com.src.transaction [[ACTIVE] ExecuteThread: '12' for queue: 'weblogic.kernel.Default (self-tuning)']  - Selected payment instrument : C
2018-01-08 00:03:09,048 INFO  com.src.transaction [[ACTIVE] ExecuteThread: '12' for queue: 'weblogic.kernel.Default (self-tuning)']  - Generating transaction id : 201800875005446
2018-01-08 00:03:09,048 INFO  com.src.transaction [[ACTIVE] ExecuteThread: '12' for queue: 'weblogic.kernel.Default (self-tuning)']  - 201800875005446 :: Action : 8
2018-01-08 00:03:09,055 INFO  com.src.transaction [[ACTIVE] ExecuteThread: '12' for queue: 'weblogic.kernel.Default (self-tuning)']  - Validation completed
2018-01-08 00:03:09,055 INFO  com.src.transaction [[ACTIVE] ExecuteThread: '12' for queue: 'weblogic.kernel.Default (self-tuning)']  - 201800875005446 :: Transaction identified as INQUIRY
2018-01-08 00:03:09,056 INFO  com.src.transaction [[ACTIVE] ExecuteThread: '12' for queue: 'weblogic.kernel.Default (self-tuning)']  - null :: Process Query starts
2018-01-08 00:03:09,056 INFO  com.src.transaction [[ACTIVE] ExecuteThread: '12' for queue: 'weblogic.kernel.Default (self-tuning)']  - null :: Verifying processing option.  :  ETM,T
2018-01-08 00:03:09,162 INFO  com.src.transaction [[ACTIVE] ExecuteThread: '12' for queue: 'weblogic.kernel.Default (self-tuning)']  - null :: Getting record from tranlog for input, inst id : 2 and payment id : 4217599581573630
2018-01-08 00:03:09,163 INFO  com.src.transaction [[ACTIVE] ExecuteThread: '12' for queue: 'weblogic.kernel.Default (self-tuning)']  - null :: Getting record from tranlog for input, inst id : 2 and tran id : 4217599581573630
2018-01-08 00:03:09,165 INFO  com.src.transaction [[ACTIVE] ExecuteThread: '12' for queue: 'weblogic.kernel.Default (self-tuning)']  - null :: Performed a transaction query
2018-01-08 00:03:09,165 INFO  com.src.transaction [[ACTIVE] ExecuteThread: '12' for queue: 'weblogic.kernel.Default (self-tuning)']  - Merchant response : <result>FAILURE(NOT CAPTURED)</result><auth>000000</auth><ref>736370197143</ref><avr>N</avr><postdate>1229</postdate><tranid>4217599581573630</tranid><trackid>PAY458E00903L</trackid><payid>4217599581573630</payid><udf1>999999</udf1><udf2>Genio</udf2><udf3>PU1oMdiZ244413</udf3><udf4></udf4><udf5>PaymentID</udf5><amt>5000.0</amt>
2018-01-08 00:03:09,166 INFO  com.src.transaction [[ACTIVE] ExecuteThread: '12' for queue: 'weblogic.kernel.Default (self-tuning)']  - Process complete.
2018-01-08 00:03:09,166 INFO  com.src.transaction [[ACTIVE] ExecuteThread: '12' for queue: 'weblogic.kernel.Default (self-tuning)']  - Building merchant response :: <result>FAILURE(NOT CAPTURED)</result><auth>000000</auth><ref>736370197143</ref><avr>N</avr><postdate>1229</postdate><tranid>4217599581573630</tranid><trackid>PAY458E00903L</trackid><payid>4217599581573630</payid><udf1>999999</udf1><udf2>Genio</udf2><udf3>PU1oMdiZ244413</udf3><udf4></udf4><udf5>PaymentID</udf5><amt>5000.0</amt>
2018-01-08 00:03:09,166 INFO  com.src.transaction [[ACTIVE] ExecuteThread: '12' for queue: 'weblogic.kernel.Default (self-tuning)']  - Tranportal Transaction time : 125 ms
2018-01-08 00:03:16,618 INFO  com.src.transaction [PaymentHandler]  - Payment Handler process going for sleep mode at : Mon Jan 08 00:03:16 IST 2018 === 10000
2018-01-08 00:03:27,620 INFO  com.src.transaction [PaymentHandler]  - Payment Handler process going for sleep mode at : Mon Jan 08 00:03:27 IST 2018 === 10000
2018-01-08 00:03:38,622 INFO  com.src.transaction [PaymentHandler]  - Payment Handler process going for sleep mode at : Mon Jan 08 00:03:38 IST 2018 === 10000
